# JRE version: OpenJDK Runtime Environment (8.0_152-b01) (build 1.8.0_152-release-1343-b01)
# Java VM: OpenJDK 64-Bit Server VM (25.152-b01 mixed mode windows-amd64 compressed oops)
Heap:
 PSYoungGen      total 232960K, used 95095K [0x00000000eab00000, 0x0000000100000000, 0x0000000100000000)
  eden space 116736K, 0% used [0x00000000eab00000,0x00000000eab00000,0x00000000f1d00000)
  from space 116224K, 81% used [0x00000000f1d00000,0x00000000f79ddc58,0x00000000f8e80000)
  to   space 116224K, 0% used [0x00000000f8e80000,0x00000000f8e80000,0x0000000100000000)
 ParOldGen       total 699392K, used 656748K [0x00000000c0000000, 0x00000000eab00000, 0x00000000eab00000)
  object space 699392K, 93% used [0x00000000c0000000,0x00000000e815b3c8,0x00000000eab00000)
 Metaspace       used 241952K, capacity 258028K, committed 260888K, reserved 1275904K
  class space    used 30200K, capacity 33024K, committed 33816K, reserved 1048576K
GC Heap History (10 events):
Event: 28862.033 GC heap after
Heap after GC invocations=724 (full 37):
 PSYoungGen      total 223744K, used 69703K [0x00000000eab00000, 0x00000000ffa00000, 0x0000000100000000)
  eden space 128000K, 0% used [0x00000000eab00000,0x00000000eab00000,0x00000000f2800000)
  from space 95744K, 72% used [0x00000000f2800000,0x00000000f6c11ec8,0x00000000f8580000)
  to   space 103424K, 0% used [0x00000000f9500000,0x00000000f9500000,0x00000000ffa00000)
 ParOldGen       total 699392K, used 530663K [0x00000000c0000000, 0x00000000eab00000, 0x00000000eab00000)
  object space 699392K, 75% used [0x00000000c0000000,0x00000000e0639d80,0x00000000eab00000)
 Metaspace       used 241283K, capacity 257306K, committed 260888K, reserved 1275904K
  class space    used 30136K, capacity 32957K, committed 33816K, reserved 1048576K
}
Event: 28862.310 GC heap before
{Heap before GC invocations=725 (full 37):
 PSYoungGen      total 223744K, used 197703K [0x00000000eab00000, 0x00000000ffa00000, 0x0000000100000000)
  eden space 128000K, 100% used [0x00000000eab00000,0x00000000f2800000,0x00000000f2800000)
  from space 95744K, 72% used [0x00000000f2800000,0x00000000f6c11ec8,0x00000000f8580000)
  to   space 103424K, 0% used [0x00000000f9500000,0x00000000f9500000,0x00000000ffa00000)
 ParOldGen       total 699392K, used 530663K [0x00000000c0000000, 0x00000000eab00000, 0x00000000eab00000)
  object space 699392K, 75% used [0x00000000c0000000,0x00000000e0639d80,0x00000000eab00000)
 Metaspace       used 241748K, capacity 257804K, committed 260888K, reserved 1275904K
  class space    used 30191K, capacity 32992K, committed 33816K, reserved 1048576K
Event: 28862.396 GC heap after
Heap after GC invocations=725 (full 37):
 PSYoungGen      total 220160K, used 103414K [0x00000000eab00000, 0x0000000100000000, 0x0000000100000000)
  eden space 116736K, 0% used [0x00000000eab00000,0x00000000eab00000,0x00000000f1d00000)
  from space 103424K, 99% used [0x00000000f9500000,0x00000000ff9fd950,0x00000000ffa00000)
  to   space 116224K, 0% used [0x00000000f1d00000,0x00000000f1d00000,0x00000000f8e80000)
 ParOldGen       total 699392K, used 534208K [0x00000000c0000000, 0x00000000eab00000, 0x00000000eab00000)
  object space 699392K, 76% used [0x00000000c0000000,0x00000000e09b01a0,0x00000000eab00000)
 Metaspace       used 241748K, capacity 257804K, committed 260888K, reserved 1275904K
  class space    used 30191K, capacity 32992K, committed 33816K, reserved 1048576K
}
Event: 28862.788 GC heap before
{Heap before GC invocations=726 (full 37):
 PSYoungGen      total 220160K, used 220150K [0x00000000eab00000, 0x0000000100000000, 0x0000000100000000)
  eden space 116736K, 100% used [0x00000000eab00000,0x00000000f1d00000,0x00000000f1d00000)
  from space 103424K, 99% used [0x00000000f9500000,0x00000000ff9fd950,0x00000000ffa00000)
  to   space 116224K, 0% used [0x00000000f1d00000,0x00000000f1d00000,0x00000000f8e80000)
 ParOldGen       total 699392K, used 534208K [0x00000000c0000000, 0x00000000eab00000, 0x00000000eab00000)
  object space 699392K, 76% used [0x00000000c0000000,0x00000000e09b01a0,0x00000000eab00000)
 Metaspace       used 241952K, capacity 258028K, committed 260888K, reserved 1275904K
  class space    used 30200K, capacity 33024K, committed 33816K, reserved 1048576K
Event: 28862.871 GC heap after
Heap after GC invocations=726 (full 37):
 PSYoungGen      total 232960K, used 116223K [0x00000000eab00000, 0x0000000100000000, 0x0000000100000000)
  eden space 116736K, 0% used [0x00000000eab00000,0x00000000eab00000,0x00000000f1d00000)
  from space 116224K, 99% used [0x00000000f1d00000,0x00000000f8e7ff50,0x00000000f8e80000)
  to   space 116224K, 0% used [0x00000000f8e80000,0x00000000f8e80000,0x0000000100000000)
 ParOldGen       total 699392K, used 558076K [0x00000000c0000000, 0x00000000eab00000, 0x00000000eab00000)
  object space 699392K, 79% used [0x00000000c0000000,0x00000000e20ff3a0,0x00000000eab00000)
 Metaspace       used 241952K, capacity 258028K, committed 260888K, reserved 1275904K
  class space    used 30200K, capacity 33024K, committed 33816K, reserved 1048576K
}
Event: 28863.061 GC heap before
{Heap before GC invocations=727 (full 37):
 PSYoungGen      total 232960K, used 232959K [0x00000000eab00000, 0x0000000100000000, 0x0000000100000000)
  eden space 116736K, 100% used [0x00000000eab00000,0x00000000f1d00000,0x00000000f1d00000)
  from space 116224K, 99% used [0x00000000f1d00000,0x00000000f8e7ff50,0x00000000f8e80000)
  to   space 116224K, 0% used [0x00000000f8e80000,0x00000000f8e80000,0x0000000100000000)
 ParOldGen       total 699392K, used 558076K [0x00000000c0000000, 0x00000000eab00000, 0x00000000eab00000)
  object space 699392K, 79% used [0x00000000c0000000,0x00000000e20ff3a0,0x00000000eab00000)
 Metaspace       used 241952K, capacity 258028K, committed 260888K, reserved 1275904K
  class space    used 30200K, capacity 33024K, committed 33816K, reserved 1048576K
Event: 28863.254 GC heap after
Heap after GC invocations=727 (full 37):
 PSYoungGen      total 232960K, used 116219K [0x00000000eab00000, 0x0000000100000000, 0x0000000100000000)
  eden space 116736K, 0% used [0x00000000eab00000,0x00000000eab00000,0x00000000f1d00000)
  from space 116224K, 99% used [0x00000000f8e80000,0x00000000ffffedd0,0x0000000100000000)
  to   space 116224K, 0% used [0x00000000f1d00000,0x00000000f1d00000,0x00000000f8e80000)
 ParOldGen       total 699392K, used 597683K [0x00000000c0000000, 0x00000000eab00000, 0x00000000eab00000)
  object space 699392K, 85% used [0x00000000c0000000,0x00000000e47acf78,0x00000000eab00000)
 Metaspace       used 241952K, capacity 258028K, committed 260888K, reserved 1275904K
  class space    used 30200K, capacity 33024K, committed 33816K, reserved 1048576K
}
Event: 28863.605 GC heap before
{Heap before GC invocations=728 (full 37):
 PSYoungGen      total 232960K, used 232955K [0x00000000eab00000, 0x0000000100000000, 0x0000000100000000)
  eden space 116736K, 100% used [0x00000000eab00000,0x00000000f1d00000,0x00000000f1d00000)
  from space 116224K, 99% used [0x00000000f8e80000,0x00000000ffffedd0,0x0000000100000000)
  to   space 116224K, 0% used [0x00000000f1d00000,0x00000000f1d00000,0x00000000f8e80000)
 ParOldGen       total 699392K, used 597683K [0x00000000c0000000, 0x00000000eab00000, 0x00000000eab00000)
  object space 699392K, 85% used [0x00000000c0000000,0x00000000e47acf78,0x00000000eab00000)
 Metaspace       used 241952K, capacity 258028K, committed 260888K, reserved 1275904K
  class space    used 30200K, capacity 33024K, committed 33816K, reserved 1048576K
Event: 28863.684 GC heap after
Heap after GC invocations=728 (full 37):
 PSYoungGen      total 232960K, used 95095K [0x00000000eab00000, 0x0000000100000000, 0x0000000100000000)
  eden space 116736K, 0% used [0x00000000eab00000,0x00000000eab00000,0x00000000f1d00000)
  from space 116224K, 81% used [0x00000000f1d00000,0x00000000f79ddc58,0x00000000f8e80000)
  to   space 116224K, 0% used [0x00000000f8e80000,0x00000000f8e80000,0x0000000100000000)
 ParOldGen       total 699392K, used 656748K [0x00000000c0000000, 0x00000000eab00000, 0x00000000eab00000)
  object space 699392K, 93% used [0x00000000c0000000,0x00000000e815b3c8,0x00000000eab00000)
 Metaspace       used 241952K, capacity 258028K, committed 260888K, reserved 1275904K
  class space    used 30200K, capacity 33024K, committed 33816K, reserved 1048576K
}
Event: 28863.684 GC heap before
{Heap before GC invocations=729 (full 38):
 PSYoungGen      total 232960K, used 95095K [0x00000000eab00000, 0x0000000100000000, 0x0000000100000000)
  eden space 116736K, 0% used [0x00000000eab00000,0x00000000eab00000,0x00000000f1d00000)
  from space 116224K, 81% used [0x00000000f1d00000,0x00000000f79ddc58,0x00000000f8e80000)
  to   space 116224K, 0% used [0x00000000f8e80000,0x00000000f8e80000,0x0000000100000000)
 ParOldGen       total 699392K, used 656748K [0x00000000c0000000, 0x00000000eab00000, 0x00000000eab00000)
  object space 699392K, 93% used [0x00000000c0000000,0x00000000e815b3c8,0x00000000eab00000)
 Metaspace       used 241952K, capacity 258028K, committed 260888K, reserved 1275904K
  class space    used 30200K, capacity 33024K, committed 33816K, reserved 1048576K

